<?xml version="1.0" encoding="UTF-8"?>
<!-- Generated by org.testng.reporters.JUnitXMLReporter -->
<testsuite hostname="testing-worker-linux-docker-a13d8448-3196-linux-1" name="Surefire test" tests="723" failures="0" timestamp="12 Jul 2015 21:21:49 GMT" time="4.996" errors="0">
  <testcase name="containSameFieldsTest" time="0.137" classname="org.pircbotx.ConfigurationTest"/>
  <testcase name="eventImplementTest" time="0.002" classname="org.pircbotx.hooks.ListenerAdapterTest"/>
  <testcase name="eventImplementTest" time="0.0" classname="org.pircbotx.hooks.ListenerAdapterTest"/>
  <testcase name="eventImplementTest" time="0.003" classname="org.pircbotx.hooks.ListenerAdapterTest"/>
  <testcase name="eventImplementTest" time="0.002" classname="org.pircbotx.hooks.ListenerAdapterTest"/>
  <testcase name="eventImplementTest" time="0.004" classname="org.pircbotx.hooks.ListenerAdapterTest"/>
  <testcase name="eventImplementTest" time="0.0" classname="org.pircbotx.hooks.ListenerAdapterTest"/>
  <testcase name="eventImplementTest" time="0.001" classname="org.pircbotx.hooks.ListenerAdapterTest"/>
  <testcase name="eventImplementTest" time="0.001" classname="org.pircbotx.hooks.ListenerAdapterTest"/>
  <testcase name="eventImplementTest" time="0.0" classname="org.pircbotx.hooks.ListenerAdapterTest"/>
  <testcase name="eventImplementTest" time="0.001" classname="org.pircbotx.hooks.ListenerAdapterTest"/>
  <testcase name="eventImplementTest" time="0.001" classname="org.pircbotx.hooks.ListenerAdapterTest"/>
  <testcase name="eventImplementTest" time="0.002" classname="org.pircbotx.hooks.ListenerAdapterTest"/>
  <testcase name="eventImplementTest" time="0.001" classname="org.pircbotx.hooks.ListenerAdapterTest"/>
  <testcase name="eventImplementTest" time="0.001" classname="org.pircbotx.hooks.ListenerAdapterTest"/>
  <testcase name="eventImplementTest" time="0.0" classname="org.pircbotx.hooks.ListenerAdapterTest"/>
  <testcase name="eventImplementTest" time="0.001" classname="org.pircbotx.hooks.ListenerAdapterTest"/>
  <testcase name="eventImplementTest" time="0.004" classname="org.pircbotx.hooks.ListenerAdapterTest"/>
  <testcase name="eventImplementTest" time="0.001" classname="org.pircbotx.hooks.ListenerAdapterTest"/>
  <testcase name="eventImplementTest" time="0.0" classname="org.pircbotx.hooks.ListenerAdapterTest"/>
  <testcase name="eventImplementTest" time="0.001" classname="org.pircbotx.hooks.ListenerAdapterTest"/>
  <testcase name="eventImplementTest" time="0.0" classname="org.pircbotx.hooks.ListenerAdapterTest"/>
  <testcase name="eventImplementTest" time="0.002" classname="org.pircbotx.hooks.ListenerAdapterTest"/>
  <testcase name="eventImplementTest" time="0.0" classname="org.pircbotx.hooks.ListenerAdapterTest"/>
  <testcase name="eventImplementTest" time="0.003" classname="org.pircbotx.hooks.ListenerAdapterTest"/>
  <testcase name="eventImplementTest" time="0.001" classname="org.pircbotx.hooks.ListenerAdapterTest"/>
  <testcase name="eventImplementTest" time="0.0" classname="org.pircbotx.hooks.ListenerAdapterTest"/>
  <testcase name="eventImplementTest" time="0.0" classname="org.pircbotx.hooks.ListenerAdapterTest"/>
  <testcase name="eventImplementTest" time="0.0" classname="org.pircbotx.hooks.ListenerAdapterTest"/>
  <testcase name="eventImplementTest" time="0.001" classname="org.pircbotx.hooks.ListenerAdapterTest"/>
  <testcase name="eventImplementTest" time="0.001" classname="org.pircbotx.hooks.ListenerAdapterTest"/>
  <testcase name="eventImplementTest" time="0.004" classname="org.pircbotx.hooks.ListenerAdapterTest"/>
  <testcase name="eventImplementTest" time="0.002" classname="org.pircbotx.hooks.ListenerAdapterTest"/>
  <testcase name="eventImplementTest" time="0.001" classname="org.pircbotx.hooks.ListenerAdapterTest"/>
  <testcase name="eventImplementTest" time="0.001" classname="org.pircbotx.hooks.ListenerAdapterTest"/>
  <testcase name="eventImplementTest" time="0.005" classname="org.pircbotx.hooks.ListenerAdapterTest"/>
  <testcase name="eventImplementTest" time="0.001" classname="org.pircbotx.hooks.ListenerAdapterTest"/>
  <testcase name="eventImplementTest" time="0.0" classname="org.pircbotx.hooks.ListenerAdapterTest"/>
  <testcase name="eventImplementTest" time="0.0" classname="org.pircbotx.hooks.ListenerAdapterTest"/>
  <testcase name="eventImplementTest" time="0.001" classname="org.pircbotx.hooks.ListenerAdapterTest"/>
  <testcase name="eventImplementTest" time="0.0" classname="org.pircbotx.hooks.ListenerAdapterTest"/>
  <testcase name="eventImplementTest" time="0.011" classname="org.pircbotx.hooks.ListenerAdapterTest"/>
  <testcase name="eventImplementTest" time="0.0" classname="org.pircbotx.hooks.ListenerAdapterTest"/>
  <testcase name="eventImplementTest" time="0.0" classname="org.pircbotx.hooks.ListenerAdapterTest"/>
  <testcase name="eventImplementTest" time="0.001" classname="org.pircbotx.hooks.ListenerAdapterTest"/>
  <testcase name="eventImplementTest" time="0.001" classname="org.pircbotx.hooks.ListenerAdapterTest"/>
  <testcase name="eventImplementTest" time="0.0" classname="org.pircbotx.hooks.ListenerAdapterTest"/>
  <testcase name="eventImplementTest" time="0.001" classname="org.pircbotx.hooks.ListenerAdapterTest"/>
  <testcase name="eventImplementTest" time="0.001" classname="org.pircbotx.hooks.ListenerAdapterTest"/>
  <testcase name="eventImplementTest" time="0.006" classname="org.pircbotx.hooks.ListenerAdapterTest"/>
  <testcase name="eventImplementTest" time="0.001" classname="org.pircbotx.hooks.ListenerAdapterTest"/>
  <testcase name="eventImplementTest" time="0.0" classname="org.pircbotx.hooks.ListenerAdapterTest"/>
  <testcase name="eventImplementTest" time="0.003" classname="org.pircbotx.hooks.ListenerAdapterTest"/>
  <testcase name="eventImplementTest" time="0.001" classname="org.pircbotx.hooks.ListenerAdapterTest"/>
  <testcase name="eventImplementTest" time="0.001" classname="org.pircbotx.hooks.ListenerAdapterTest"/>
  <testcase name="eventImplementTest" time="0.001" classname="org.pircbotx.hooks.ListenerAdapterTest"/>
  <testcase name="eventImplementTest" time="0.001" classname="org.pircbotx.hooks.ListenerAdapterTest"/>
  <testcase name="eventImplementTest" time="0.001" classname="org.pircbotx.hooks.ListenerAdapterTest"/>
  <testcase name="eventImplementTest" time="0.001" classname="org.pircbotx.hooks.ListenerAdapterTest"/>
  <testcase name="eventImplementTest" time="0.001" classname="org.pircbotx.hooks.ListenerAdapterTest"/>
  <testcase name="eventImplementTest" time="0.002" classname="org.pircbotx.hooks.ListenerAdapterTest"/>
  <testcase name="eventImplementTest" time="0.001" classname="org.pircbotx.hooks.ListenerAdapterTest"/>
  <testcase name="eventImplementTest" time="0.003" classname="org.pircbotx.hooks.ListenerAdapterTest"/>
  <testcase name="eventImplementTest" time="0.002" classname="org.pircbotx.hooks.ListenerAdapterTest"/>
  <testcase name="eventImplementTest" time="0.003" classname="org.pircbotx.hooks.ListenerAdapterTest"/>
  <testcase name="eventImplementTest" time="0.0" classname="org.pircbotx.hooks.ListenerAdapterTest"/>
  <testcase name="unknownEventTest" time="0.02" classname="org.pircbotx.hooks.ListenerAdapterTest"/>
  <testcase name="usabilityTest" time="0.227" classname="org.pircbotx.hooks.ListenerAdapterTest"/>
  <testcase name="sendRawLineSplit" time="0.009" classname="org.pircbotx.output.OutputSplitTest"/>
  <testcase name="combineTestIllegal1" time="0.306" classname="org.pircbotx.UtilSSLSocketFactoryTest"/>
  <testcase name="combineTestIllegal2" time="0.002" classname="org.pircbotx.UtilSSLSocketFactoryTest"/>
  <testcase name="combineTestLegal" time="0.001" classname="org.pircbotx.UtilSSLSocketFactoryTest"/>
  <testcase name="delegatesAllMethods" time="0.018" classname="org.pircbotx.UtilSSLSocketFactoryTest"/>
  <testcase name="copyConstructorTest" time="0.149" classname="org.pircbotx.ConfigurationTest"/>
  <testcase name="copyConstructorTest" time="0.002" classname="org.pircbotx.ConfigurationTest"/>
  <testcase name="copyConstructorTest" time="0.044" classname="org.pircbotx.ConfigurationTest"/>
  <testcase name="copyConstructorTest" time="0.002" classname="org.pircbotx.ConfigurationTest"/>
  <testcase name="copyConstructorTest" time="0.002" classname="org.pircbotx.ConfigurationTest"/>
  <testcase name="copyConstructorTest" time="0.002" classname="org.pircbotx.ConfigurationTest"/>
  <testcase name="copyConstructorTest" time="0.046" classname="org.pircbotx.ConfigurationTest"/>
  <testcase name="copyConstructorTest" time="0.001" classname="org.pircbotx.ConfigurationTest"/>
  <testcase name="copyConstructorTest" time="0.001" classname="org.pircbotx.ConfigurationTest"/>
  <testcase name="copyConstructorTest" time="0.002" classname="org.pircbotx.ConfigurationTest"/>
  <testcase name="copyConstructorTest" time="0.001" classname="org.pircbotx.ConfigurationTest"/>
  <testcase name="copyConstructorTest" time="0.001" classname="org.pircbotx.ConfigurationTest"/>
  <testcase name="copyConstructorTest" time="0.001" classname="org.pircbotx.ConfigurationTest"/>
  <testcase name="copyConstructorTest" time="0.001" classname="org.pircbotx.ConfigurationTest"/>
  <testcase name="copyConstructorTest" time="0.001" classname="org.pircbotx.ConfigurationTest"/>
  <testcase name="copyConstructorTest" time="0.03" classname="org.pircbotx.ConfigurationTest"/>
  <testcase name="copyConstructorTest" time="0.001" classname="org.pircbotx.ConfigurationTest"/>
  <testcase name="copyConstructorTest" time="0.001" classname="org.pircbotx.ConfigurationTest"/>
  <testcase name="copyConstructorTest" time="0.007" classname="org.pircbotx.ConfigurationTest"/>
  <testcase name="copyConstructorTest" time="0.001" classname="org.pircbotx.ConfigurationTest"/>
  <testcase name="copyConstructorTest" time="0.001" classname="org.pircbotx.ConfigurationTest"/>
  <testcase name="copyConstructorTest" time="0.006" classname="org.pircbotx.ConfigurationTest"/>
  <testcase name="copyConstructorTest" time="0.001" classname="org.pircbotx.ConfigurationTest"/>
  <testcase name="copyConstructorTest" time="0.001" classname="org.pircbotx.ConfigurationTest"/>
  <testcase name="copyConstructorTest" time="0.005" classname="org.pircbotx.ConfigurationTest"/>
  <testcase name="copyConstructorTest" time="0.001" classname="org.pircbotx.ConfigurationTest"/>
  <testcase name="copyConstructorTest" time="0.002" classname="org.pircbotx.ConfigurationTest"/>
  <testcase name="copyConstructorTest" time="0.001" classname="org.pircbotx.ConfigurationTest"/>
  <testcase name="copyConstructorTest" time="0.001" classname="org.pircbotx.ConfigurationTest"/>
  <testcase name="copyConstructorTest" time="0.004" classname="org.pircbotx.ConfigurationTest"/>
  <testcase name="copyConstructorTest" time="0.002" classname="org.pircbotx.ConfigurationTest"/>
  <testcase name="copyConstructorTest" time="0.001" classname="org.pircbotx.ConfigurationTest"/>
  <testcase name="copyConstructorTest" time="0.004" classname="org.pircbotx.ConfigurationTest"/>
  <testcase name="copyConstructorTest" time="0.003" classname="org.pircbotx.ConfigurationTest"/>
  <testcase name="copyConstructorTest" time="0.003" classname="org.pircbotx.ConfigurationTest"/>
  <testcase name="copyConstructorTest" time="0.001" classname="org.pircbotx.ConfigurationTest"/>
  <testcase name="copyConstructorTest" time="0.001" classname="org.pircbotx.ConfigurationTest"/>
  <testcase name="copyConstructorTest" time="0.001" classname="org.pircbotx.ConfigurationTest"/>
  <testcase name="copyConstructorTest" time="0.002" classname="org.pircbotx.ConfigurationTest"/>
  <testcase name="copyConstructorTest" time="0.004" classname="org.pircbotx.ConfigurationTest"/>
  <testcase name="copyConstructorTest" time="0.003" classname="org.pircbotx.ConfigurationTest"/>
  <testcase name="copyConstructorTest" time="0.001" classname="org.pircbotx.ConfigurationTest"/>
  <testcase name="copyConstructorTest" time="0.002" classname="org.pircbotx.ConfigurationTest"/>
  <testcase name="copyConstructorTest" time="0.001" classname="org.pircbotx.ConfigurationTest"/>
  <testcase name="copyConstructorTest" time="0.001" classname="org.pircbotx.ConfigurationTest"/>
  <testcase name="copyConstructorTest" time="0.004" classname="org.pircbotx.ConfigurationTest"/>
  <testcase name="copyConstructorTest" time="0.005" classname="org.pircbotx.ConfigurationTest"/>
  <testcase name="copyConstructorTest" time="0.001" classname="org.pircbotx.ConfigurationTest"/>
  <testcase name="copyConstructorTest" time="0.003" classname="org.pircbotx.ConfigurationTest"/>
  <testcase name="copyConstructorTest" time="0.001" classname="org.pircbotx.ConfigurationTest"/>
  <testcase name="copyConstructorTest" time="0.002" classname="org.pircbotx.ConfigurationTest"/>
  <testcase name="copyConstructorTest" time="0.001" classname="org.pircbotx.ConfigurationTest"/>
  <testcase name="copyConstructorTest" time="0.001" classname="org.pircbotx.ConfigurationTest"/>
  <testcase name="copyConstructorTest" time="0.002" classname="org.pircbotx.ConfigurationTest"/>
  <testcase name="copyConstructorTest" time="0.007" classname="org.pircbotx.ConfigurationTest"/>
  <testcase name="copyConstructorTest" time="0.002" classname="org.pircbotx.ConfigurationTest"/>
  <testcase name="copyConstructorTest" time="0.001" classname="org.pircbotx.ConfigurationTest"/>
  <testcase name="copyConstructorTest" time="0.002" classname="org.pircbotx.ConfigurationTest"/>
  <testcase name="copyConstructorTest" time="0.001" classname="org.pircbotx.ConfigurationTest"/>
  <testcase name="copyConstructorTest" time="0.002" classname="org.pircbotx.ConfigurationTest"/>
  <testcase name="copyConstructorTest" time="0.001" classname="org.pircbotx.ConfigurationTest"/>
  <testcase name="copyConstructorTest" time="0.001" classname="org.pircbotx.ConfigurationTest"/>
  <testcase name="copyConstructorTest" time="0.001" classname="org.pircbotx.ConfigurationTest"/>
  <testcase name="copyConstructorTest" time="0.001" classname="org.pircbotx.ConfigurationTest"/>
  <testcase name="copyConstructorTest" time="0.003" classname="org.pircbotx.ConfigurationTest"/>
  <testcase name="copyConstructorTest" time="0.001" classname="org.pircbotx.ConfigurationTest"/>
  <testcase name="copyConstructorTest" time="0.002" classname="org.pircbotx.ConfigurationTest"/>
  <testcase name="copyConstructorTest" time="0.0" classname="org.pircbotx.ConfigurationTest"/>
  <testcase name="copyConstructorTest" time="0.004" classname="org.pircbotx.ConfigurationTest"/>
  <testcase name="copyConstructorTest" time="0.002" classname="org.pircbotx.ConfigurationTest"/>
  <testcase name="copyConstructorTest" time="0.005" classname="org.pircbotx.ConfigurationTest"/>
  <testcase name="copyConstructorTest" time="0.003" classname="org.pircbotx.ConfigurationTest"/>
  <testcase name="copyConstructorTest" time="0.001" classname="org.pircbotx.ConfigurationTest"/>
  <testcase name="copyConstructorTest" time="0.001" classname="org.pircbotx.ConfigurationTest"/>
  <testcase name="copyConstructorTest" time="0.003" classname="org.pircbotx.ConfigurationTest"/>
  <testcase name="copyConstructorTest" time="0.001" classname="org.pircbotx.ConfigurationTest"/>
  <testcase name="copyConstructorTest" time="0.001" classname="org.pircbotx.ConfigurationTest"/>
  <testcase name="copyConstructorTest" time="0.001" classname="org.pircbotx.ConfigurationTest"/>
  <testcase name="copyConstructorTest" time="0.001" classname="org.pircbotx.ConfigurationTest"/>
  <testcase name="copyConstructorTest" time="0.001" classname="org.pircbotx.ConfigurationTest"/>
  <testcase name="copyConstructorTest" time="0.001" classname="org.pircbotx.ConfigurationTest"/>
  <testcase name="copyConstructorTest" time="0.002" classname="org.pircbotx.ConfigurationTest"/>
  <testcase name="copyConstructorTest" time="0.001" classname="org.pircbotx.ConfigurationTest"/>
  <testcase name="copyConstructorTest" time="0.001" classname="org.pircbotx.ConfigurationTest"/>
  <testcase name="copyConstructorTest" time="0.003" classname="org.pircbotx.ConfigurationTest"/>
  <testcase name="copyConstructorTest" time="0.001" classname="org.pircbotx.ConfigurationTest"/>
  <testcase name="copyConstructorTest" time="0.001" classname="org.pircbotx.ConfigurationTest"/>
  <testcase name="copyConstructorTest" time="0.063" classname="org.pircbotx.ConfigurationTest"/>
  <testcase name="copyConstructorTest" time="0.0" classname="org.pircbotx.ConfigurationTest"/>
  <testcase name="copyConstructorTest" time="0.0" classname="org.pircbotx.ConfigurationTest"/>
  <testcase name="copyConstructorTest" time="0.001" classname="org.pircbotx.ConfigurationTest"/>
  <testcase name="copyConstructorTest" time="0.021" classname="org.pircbotx.ConfigurationTest"/>
  <testcase name="copyConstructorTest" time="0.001" classname="org.pircbotx.ConfigurationTest"/>
  <testcase name="copyConstructorTest" time="0.001" classname="org.pircbotx.ConfigurationTest"/>
  <testcase name="copyConstructorTest" time="0.001" classname="org.pircbotx.ConfigurationTest"/>
  <testcase name="copyConstructorTest" time="0.001" classname="org.pircbotx.ConfigurationTest"/>
  <testcase name="copyConstructorTest" time="0.001" classname="org.pircbotx.ConfigurationTest"/>
  <testcase name="copyConstructorTest" time="0.001" classname="org.pircbotx.ConfigurationTest"/>
  <testcase name="copyConstructorTest" time="0.001" classname="org.pircbotx.ConfigurationTest"/>
  <testcase name="copyConstructorTest" time="0.001" classname="org.pircbotx.ConfigurationTest"/>
  <testcase name="copyConstructorTest" time="0.0" classname="org.pircbotx.ConfigurationTest"/>
  <testcase name="copyConstructorTest" time="0.001" classname="org.pircbotx.ConfigurationTest"/>
  <testcase name="copyConstructorTest" time="0.001" classname="org.pircbotx.ConfigurationTest"/>
  <testcase name="copyConstructorTest" time="0.001" classname="org.pircbotx.ConfigurationTest"/>
  <testcase name="copyConstructorTest" time="0.001" classname="org.pircbotx.ConfigurationTest"/>
  <testcase name="copyConstructorTest" time="0.002" classname="org.pircbotx.ConfigurationTest"/>
  <testcase name="copyConstructorTest" time="0.001" classname="org.pircbotx.ConfigurationTest"/>
  <testcase name="copyConstructorTest" time="0.001" classname="org.pircbotx.ConfigurationTest"/>
  <testcase name="copyConstructorTest" time="0.001" classname="org.pircbotx.ConfigurationTest"/>
  <testcase name="copyConstructorTest" time="0.001" classname="org.pircbotx.ConfigurationTest"/>
  <testcase name="copyConstructorTest" time="0.003" classname="org.pircbotx.ConfigurationTest"/>
  <testcase name="copyConstructorTest" time="0.031" classname="org.pircbotx.ConfigurationTest"/>
  <testcase name="copyConstructorTest" time="0.001" classname="org.pircbotx.ConfigurationTest"/>
  <testcase name="copyConstructorTest" time="0.001" classname="org.pircbotx.ConfigurationTest"/>
  <testcase name="copyConstructorTest" time="0.002" classname="org.pircbotx.ConfigurationTest"/>
  <testcase name="copyConstructorTest" time="0.02" classname="org.pircbotx.ConfigurationTest"/>
  <testcase name="copyConstructorTest" time="0.0" classname="org.pircbotx.ConfigurationTest"/>
  <testcase name="copyConstructorTest" time="0.002" classname="org.pircbotx.ConfigurationTest"/>
  <testcase name="copyConstructorTest" time="0.001" classname="org.pircbotx.ConfigurationTest"/>
  <testcase name="copyConstructorTest" time="0.003" classname="org.pircbotx.ConfigurationTest"/>
  <testcase name="copyConstructorTest" time="0.001" classname="org.pircbotx.ConfigurationTest"/>
  <testcase name="copyConstructorTest" time="0.006" classname="org.pircbotx.ConfigurationTest"/>
  <testcase name="copyConstructorTest" time="0.01" classname="org.pircbotx.ConfigurationTest"/>
  <testcase name="copyConstructorTest" time="0.002" classname="org.pircbotx.ConfigurationTest"/>
  <testcase name="copyConstructorTest" time="0.001" classname="org.pircbotx.ConfigurationTest"/>
  <testcase name="copyConstructorTest" time="0.01" classname="org.pircbotx.ConfigurationTest"/>
  <testcase name="copyConstructorTest" time="0.002" classname="org.pircbotx.ConfigurationTest"/>
  <testcase name="copyConstructorTest" time="0.001" classname="org.pircbotx.ConfigurationTest"/>
  <testcase name="copyConstructorTest" time="0.002" classname="org.pircbotx.ConfigurationTest"/>
  <testcase name="copyConstructorTest" time="0.042" classname="org.pircbotx.ConfigurationTest"/>
  <testcase name="copyConstructorTest" time="0.001" classname="org.pircbotx.ConfigurationTest"/>
  <testcase name="copyConstructorTest" time="0.009" classname="org.pircbotx.ConfigurationTest"/>
  <testcase name="copyConstructorTest" time="0.001" classname="org.pircbotx.ConfigurationTest"/>
  <testcase name="copyConstructorTest" time="0.001" classname="org.pircbotx.ConfigurationTest"/>
  <testcase name="copyConstructorTest" time="0.002" classname="org.pircbotx.ConfigurationTest"/>
  <testcase name="copyConstructorTest" time="0.001" classname="org.pircbotx.ConfigurationTest"/>
  <testcase name="copyConstructorTest" time="0.001" classname="org.pircbotx.ConfigurationTest"/>
  <testcase name="copyConstructorTest" time="0.002" classname="org.pircbotx.ConfigurationTest"/>
  <testcase name="onEventTest" time="0.16" classname="org.pircbotx.hooks.ListenerAdapterTest"/>
  <testcase name="onEventTest" time="0.031" classname="org.pircbotx.hooks.ListenerAdapterTest"/>
  <testcase name="onEventTest" time="0.014" classname="org.pircbotx.hooks.ListenerAdapterTest"/>
  <testcase name="onEventTest" time="0.007" classname="org.pircbotx.hooks.ListenerAdapterTest"/>
  <testcase name="onEventTest" time="0.021" classname="org.pircbotx.hooks.ListenerAdapterTest"/>
  <testcase name="onEventTest" time="0.025" classname="org.pircbotx.hooks.ListenerAdapterTest"/>
  <testcase name="onEventTest" time="0.041" classname="org.pircbotx.hooks.ListenerAdapterTest"/>
  <testcase name="onEventTest" time="0.028" classname="org.pircbotx.hooks.ListenerAdapterTest"/>
  <testcase name="onEventTest" time="0.003" classname="org.pircbotx.hooks.ListenerAdapterTest"/>
  <testcase name="onEventTest" time="0.003" classname="org.pircbotx.hooks.ListenerAdapterTest"/>
  <testcase name="onEventTest" time="0.014" classname="org.pircbotx.hooks.ListenerAdapterTest"/>
  <testcase name="onEventTest" time="0.005" classname="org.pircbotx.hooks.ListenerAdapterTest"/>
  <testcase name="onEventTest" time="0.0" classname="org.pircbotx.hooks.ListenerAdapterTest"/>
  <testcase name="onEventTest" time="0.008" classname="org.pircbotx.hooks.ListenerAdapterTest"/>
  <testcase name="onEventTest" time="0.003" classname="org.pircbotx.hooks.ListenerAdapterTest"/>
  <testcase name="onEventTest" time="0.009" classname="org.pircbotx.hooks.ListenerAdapterTest"/>
  <testcase name="onEventTest" time="0.003" classname="org.pircbotx.hooks.ListenerAdapterTest"/>
  <testcase name="onEventTest" time="0.012" classname="org.pircbotx.hooks.ListenerAdapterTest"/>
  <testcase name="onEventTest" time="0.017" classname="org.pircbotx.hooks.ListenerAdapterTest"/>
  <testcase name="onEventTest" time="0.014" classname="org.pircbotx.hooks.ListenerAdapterTest"/>
  <testcase name="onEventTest" time="0.036" classname="org.pircbotx.hooks.ListenerAdapterTest"/>
  <testcase name="onEventTest" time="0.005" classname="org.pircbotx.hooks.ListenerAdapterTest"/>
  <testcase name="onEventTest" time="0.007" classname="org.pircbotx.hooks.ListenerAdapterTest"/>
  <testcase name="onEventTest" time="0.003" classname="org.pircbotx.hooks.ListenerAdapterTest"/>
  <testcase name="onEventTest" time="0.008" classname="org.pircbotx.hooks.ListenerAdapterTest"/>
  <testcase name="onEventTest" time="0.005" classname="org.pircbotx.hooks.ListenerAdapterTest"/>
  <testcase name="onEventTest" time="0.005" classname="org.pircbotx.hooks.ListenerAdapterTest"/>
  <testcase name="onEventTest" time="0.003" classname="org.pircbotx.hooks.ListenerAdapterTest"/>
  <testcase name="onEventTest" time="0.008" classname="org.pircbotx.hooks.ListenerAdapterTest"/>
  <testcase name="onEventTest" time="0.003" classname="org.pircbotx.hooks.ListenerAdapterTest"/>
  <testcase name="onEventTest" time="0.02" classname="org.pircbotx.hooks.ListenerAdapterTest"/>
  <testcase name="onEventTest" time="0.003" classname="org.pircbotx.hooks.ListenerAdapterTest"/>
  <testcase name="onEventTest" time="0.007" classname="org.pircbotx.hooks.ListenerAdapterTest"/>
  <testcase name="onEventTest" time="0.013" classname="org.pircbotx.hooks.ListenerAdapterTest"/>
  <testcase name="onEventTest" time="0.025" classname="org.pircbotx.hooks.ListenerAdapterTest"/>
  <testcase name="onEventTest" time="0.018" classname="org.pircbotx.hooks.ListenerAdapterTest"/>
  <testcase name="onEventTest" time="0.009" classname="org.pircbotx.hooks.ListenerAdapterTest"/>
  <testcase name="onEventTest" time="0.003" classname="org.pircbotx.hooks.ListenerAdapterTest"/>
  <testcase name="onEventTest" time="0.002" classname="org.pircbotx.hooks.ListenerAdapterTest"/>
  <testcase name="onEventTest" time="0.007" classname="org.pircbotx.hooks.ListenerAdapterTest"/>
  <testcase name="onEventTest" time="0.008" classname="org.pircbotx.hooks.ListenerAdapterTest"/>
  <testcase name="onEventTest" time="0.011" classname="org.pircbotx.hooks.ListenerAdapterTest"/>
  <testcase name="onEventTest" time="0.01" classname="org.pircbotx.hooks.ListenerAdapterTest"/>
  <testcase name="onEventTest" time="0.006" classname="org.pircbotx.hooks.ListenerAdapterTest"/>
  <testcase name="onEventTest" time="0.023" classname="org.pircbotx.hooks.ListenerAdapterTest"/>
  <testcase name="onEventTest" time="0.006" classname="org.pircbotx.hooks.ListenerAdapterTest"/>
  <testcase name="onEventTest" time="0.002" classname="org.pircbotx.hooks.ListenerAdapterTest"/>
  <testcase name="onEventTest" time="0.006" classname="org.pircbotx.hooks.ListenerAdapterTest"/>
  <testcase name="onEventTest" time="0.008" classname="org.pircbotx.hooks.ListenerAdapterTest"/>
  <testcase name="onEventTest" time="0.008" classname="org.pircbotx.hooks.ListenerAdapterTest"/>
  <testcase name="onEventTest" time="0.004" classname="org.pircbotx.hooks.ListenerAdapterTest"/>
  <testcase name="onEventTest" time="0.002" classname="org.pircbotx.hooks.ListenerAdapterTest"/>
  <testcase name="onEventTest" time="0.009" classname="org.pircbotx.hooks.ListenerAdapterTest"/>
  <testcase name="onEventTest" time="0.008" classname="org.pircbotx.hooks.ListenerAdapterTest"/>
  <testcase name="onEventTest" time="0.006" classname="org.pircbotx.hooks.ListenerAdapterTest"/>
  <testcase name="onEventTest" time="0.003" classname="org.pircbotx.hooks.ListenerAdapterTest"/>
  <testcase name="throwsExceptionTest" time="0.0" classname="org.pircbotx.hooks.ListenerAdapterTest"/>
  <testcase name="throwsExceptionTest" time="0.0" classname="org.pircbotx.hooks.ListenerAdapterTest"/>
  <testcase name="throwsExceptionTest" time="0.0" classname="org.pircbotx.hooks.ListenerAdapterTest"/>
  <testcase name="throwsExceptionTest" time="0.001" classname="org.pircbotx.hooks.ListenerAdapterTest"/>
  <testcase name="throwsExceptionTest" time="0.0" classname="org.pircbotx.hooks.ListenerAdapterTest"/>
  <testcase name="throwsExceptionTest" time="0.0" classname="org.pircbotx.hooks.ListenerAdapterTest"/>
  <testcase name="throwsExceptionTest" time="0.0" classname="org.pircbotx.hooks.ListenerAdapterTest"/>
  <testcase name="throwsExceptionTest" time="0.0" classname="org.pircbotx.hooks.ListenerAdapterTest"/>
  <testcase name="throwsExceptionTest" time="0.001" classname="org.pircbotx.hooks.ListenerAdapterTest"/>
  <testcase name="throwsExceptionTest" time="0.0" classname="org.pircbotx.hooks.ListenerAdapterTest"/>
  <testcase name="throwsExceptionTest" time="0.0" classname="org.pircbotx.hooks.ListenerAdapterTest"/>
  <testcase name="throwsExceptionTest" time="0.0" classname="org.pircbotx.hooks.ListenerAdapterTest"/>
  <testcase name="throwsExceptionTest" time="0.0" classname="org.pircbotx.hooks.ListenerAdapterTest"/>
  <testcase name="throwsExceptionTest" time="0.0" classname="org.pircbotx.hooks.ListenerAdapterTest"/>
  <testcase name="throwsExceptionTest" time="0.001" classname="org.pircbotx.hooks.ListenerAdapterTest"/>
  <testcase name="throwsExceptionTest" time="0.003" classname="org.pircbotx.hooks.ListenerAdapterTest"/>
  <testcase name="throwsExceptionTest" time="0.0" classname="org.pircbotx.hooks.ListenerAdapterTest"/>
  <testcase name="throwsExceptionTest" time="0.002" classname="org.pircbotx.hooks.ListenerAdapterTest"/>
  <testcase name="throwsExceptionTest" time="0.0" classname="org.pircbotx.hooks.ListenerAdapterTest"/>
  <testcase name="throwsExceptionTest" time="0.0" classname="org.pircbotx.hooks.ListenerAdapterTest"/>
  <testcase name="throwsExceptionTest" time="0.001" classname="org.pircbotx.hooks.ListenerAdapterTest"/>
  <testcase name="throwsExceptionTest" time="0.002" classname="org.pircbotx.hooks.ListenerAdapterTest"/>
  <testcase name="throwsExceptionTest" time="0.0" classname="org.pircbotx.hooks.ListenerAdapterTest"/>
  <testcase name="throwsExceptionTest" time="0.0" classname="org.pircbotx.hooks.ListenerAdapterTest"/>
  <testcase name="throwsExceptionTest" time="0.001" classname="org.pircbotx.hooks.ListenerAdapterTest"/>
  <testcase name="throwsExceptionTest" time="0.0" classname="org.pircbotx.hooks.ListenerAdapterTest"/>
  <testcase name="throwsExceptionTest" time="0.0" classname="org.pircbotx.hooks.ListenerAdapterTest"/>
  <testcase name="throwsExceptionTest" time="0.0" classname="org.pircbotx.hooks.ListenerAdapterTest"/>
  <testcase name="throwsExceptionTest" time="0.0" classname="org.pircbotx.hooks.ListenerAdapterTest"/>
  <testcase name="throwsExceptionTest" time="0.003" classname="org.pircbotx.hooks.ListenerAdapterTest"/>
  <testcase name="throwsExceptionTest" time="0.0" classname="org.pircbotx.hooks.ListenerAdapterTest"/>
  <testcase name="throwsExceptionTest" time="0.0" classname="org.pircbotx.hooks.ListenerAdapterTest"/>
  <testcase name="throwsExceptionTest" time="0.0" classname="org.pircbotx.hooks.ListenerAdapterTest"/>
  <testcase name="throwsExceptionTest" time="0.0" classname="org.pircbotx.hooks.ListenerAdapterTest"/>
  <testcase name="throwsExceptionTest" time="0.001" classname="org.pircbotx.hooks.ListenerAdapterTest"/>
  <testcase name="throwsExceptionTest" time="0.0" classname="org.pircbotx.hooks.ListenerAdapterTest"/>
  <testcase name="throwsExceptionTest" time="0.0" classname="org.pircbotx.hooks.ListenerAdapterTest"/>
  <testcase name="throwsExceptionTest" time="0.0" classname="org.pircbotx.hooks.ListenerAdapterTest"/>
  <testcase name="throwsExceptionTest" time="0.004" classname="org.pircbotx.hooks.ListenerAdapterTest"/>
  <testcase name="throwsExceptionTest" time="0.001" classname="org.pircbotx.hooks.ListenerAdapterTest"/>
  <testcase name="throwsExceptionTest" time="0.0" classname="org.pircbotx.hooks.ListenerAdapterTest"/>
  <testcase name="throwsExceptionTest" time="0.0" classname="org.pircbotx.hooks.ListenerAdapterTest"/>
  <testcase name="throwsExceptionTest" time="0.0" classname="org.pircbotx.hooks.ListenerAdapterTest"/>
  <testcase name="throwsExceptionTest" time="0.0" classname="org.pircbotx.hooks.ListenerAdapterTest"/>
  <testcase name="throwsExceptionTest" time="0.001" classname="org.pircbotx.hooks.ListenerAdapterTest"/>
  <testcase name="throwsExceptionTest" time="0.0" classname="org.pircbotx.hooks.ListenerAdapterTest"/>
  <testcase name="throwsExceptionTest" time="0.0" classname="org.pircbotx.hooks.ListenerAdapterTest"/>
  <testcase name="throwsExceptionTest" time="0.0" classname="org.pircbotx.hooks.ListenerAdapterTest"/>
  <testcase name="throwsExceptionTest" time="0.0" classname="org.pircbotx.hooks.ListenerAdapterTest"/>
  <testcase name="throwsExceptionTest" time="0.0" classname="org.pircbotx.hooks.ListenerAdapterTest"/>
  <testcase name="throwsExceptionTest" time="0.001" classname="org.pircbotx.hooks.ListenerAdapterTest"/>
  <testcase name="throwsExceptionTest" time="0.0" classname="org.pircbotx.hooks.ListenerAdapterTest"/>
  <testcase name="throwsExceptionTest" time="0.001" classname="org.pircbotx.hooks.ListenerAdapterTest"/>
  <testcase name="throwsExceptionTest" time="0.0" classname="org.pircbotx.hooks.ListenerAdapterTest"/>
  <testcase name="throwsExceptionTest" time="0.0" classname="org.pircbotx.hooks.ListenerAdapterTest"/>
  <testcase name="throwsExceptionTest" time="0.0" classname="org.pircbotx.hooks.ListenerAdapterTest"/>
  <testcase name="throwsExceptionTest" time="0.0" classname="org.pircbotx.hooks.ListenerAdapterTest"/>
  <testcase name="throwsExceptionTest" time="0.0" classname="org.pircbotx.hooks.ListenerAdapterTest"/>
  <testcase name="throwsExceptionTest" time="0.0" classname="org.pircbotx.hooks.ListenerAdapterTest"/>
  <testcase name="throwsExceptionTest" time="0.0" classname="org.pircbotx.hooks.ListenerAdapterTest"/>
  <testcase name="throwsExceptionTest" time="0.0" classname="org.pircbotx.hooks.ListenerAdapterTest"/>
  <testcase name="throwsExceptionTest" time="0.0" classname="org.pircbotx.hooks.ListenerAdapterTest"/>
  <testcase name="throwsExceptionTest" time="0.0" classname="org.pircbotx.hooks.ListenerAdapterTest"/>
  <testcase name="throwsExceptionTest" time="0.0" classname="org.pircbotx.hooks.ListenerAdapterTest"/>
  <testcase name="throwsExceptionTest" time="0.0" classname="org.pircbotx.hooks.ListenerAdapterTest"/>
  <testcase name="tokenizeChannelMessageTest" time="0.0" classname="org.pircbotx.UtilsTest"/>
  <testcase name="tokenizeChannelMessageTest" time="0.0" classname="org.pircbotx.UtilsTest"/>
  <testcase name="tokenizePing" time="0.0" classname="org.pircbotx.UtilsTest"/>
  <testcase name="tokenizePing" time="0.0" classname="org.pircbotx.UtilsTest"/>
  <testcase name="sendInviteStringTest" time="0.0" classname="org.pircbotx.output.OutputTest"/>
  <testcase name="sendMessageUserInterfaceTest" time="0.002" classname="org.pircbotx.output.OutputTest"/>
  <testcase name="sendRawLineSplitShort" time="0.0" classname="org.pircbotx.output.OutputTest"/>
  <testcase name="sendMessageStringTest" time="0.0" classname="org.pircbotx.output.OutputTest"/>
  <testcase name="sendCTCPCommandStringTest" time="0.001" classname="org.pircbotx.output.OutputTest"/>
  <testcase name="sendMessageChannelInterfaceTest" time="0.002" classname="org.pircbotx.output.OutputTest"/>
  <testcase name="sendMessageChannelTest" time="0.0" classname="org.pircbotx.output.OutputTest"/>
  <testcase name="sendInviteUserChannelTest" time="0.0" classname="org.pircbotx.output.OutputTest"/>
  <testcase name="sendCTCPCommandUserTest" time="0.0" classname="org.pircbotx.output.OutputTest"/>
  <testcase name="sendMessageChannelUserTest" time="0.0" classname="org.pircbotx.output.OutputTest"/>
  <testcase name="sendActionUserInterfaceTest" time="0.0" classname="org.pircbotx.output.OutputTest"/>
  <testcase name="sendActionUserTest" time="0.001" classname="org.pircbotx.output.OutputTest"/>
  <testcase name="sendActionChannelInterfaceTest" time="0.001" classname="org.pircbotx.output.OutputTest"/>
  <testcase name="sendInviteChannelUserTest" time="0.008" classname="org.pircbotx.output.OutputTest"/>
  <testcase name="sendMessageUserTest" time="0.0" classname="org.pircbotx.output.OutputTest"/>
  <testcase name="sendRawLineTest" time="0.0" classname="org.pircbotx.output.OutputTest"/>
  <testcase name="sendInviteUserStringTest" time="0.001" classname="org.pircbotx.output.OutputTest"/>
  <testcase name="sendNoticeUserTest" time="0.0" classname="org.pircbotx.output.OutputTest"/>
  <testcase name="sendCTCPResponseUserTest" time="0.001" classname="org.pircbotx.output.OutputTest"/>
  <testcase name="sendActionChannelTest" time="0.001" classname="org.pircbotx.output.OutputTest"/>
  <testcase name="sendCTCPCommandChannelTest" time="0.0" classname="org.pircbotx.output.OutputTest"/>
  <testcase name="sendNoticeStringTest" time="0.0" classname="org.pircbotx.output.OutputTest"/>
  <testcase name="sendQuit" time="0.001" classname="org.pircbotx.output.OutputTest"/>
  <testcase name="sendNoticeUserInterfaceTest" time="0.001" classname="org.pircbotx.output.OutputTest"/>
  <testcase name="sendInviteChannelStringTest" time="0.0" classname="org.pircbotx.output.OutputTest"/>
  <testcase name="sendRawLineNowTest" time="0.0" classname="org.pircbotx.output.OutputTest"/>
  <testcase name="sendNoticeChannelInterfaceTest" time="0.0" classname="org.pircbotx.output.OutputTest"/>
  <testcase name="sendQuitMessage" time="0.001" classname="org.pircbotx.output.OutputTest"/>
  <testcase name="sendActionStringTest" time="0.0" classname="org.pircbotx.output.OutputTest"/>
  <testcase name="sendCTCPResponseStringTest" time="0.001" classname="org.pircbotx.output.OutputTest"/>
  <testcase name="sendInviteChannelChannelTest" time="0.0" classname="org.pircbotx.output.OutputTest"/>
  <testcase name="sendNoticeChannelTest" time="0.0" classname="org.pircbotx.output.OutputTest"/>
  <testcase name="actionTest" time="0.001" classname="org.pircbotx.InputParserTest"/>
  <testcase name="actionTest" time="0.0" classname="org.pircbotx.InputParserTest"/>
  <testcase name="awayNotifyMessageEmptyTest" time="0.001" classname="org.pircbotx.InputParserTest"/>
  <testcase name="awayNotifyMessageMissingTest" time="0.001" classname="org.pircbotx.InputParserTest"/>
  <testcase name="awayNotifyTest" time="0.0" classname="org.pircbotx.InputParserTest"/>
  <testcase name="awayTest" time="0.0" classname="org.pircbotx.InputParserTest"/>
  <testcase name="banExtbanListTest" time="0.004" classname="org.pircbotx.InputParserTest"/>
  <testcase name="banListTest" time="0.002" classname="org.pircbotx.InputParserTest"/>
  <testcase name="channelCreationDateFreenode" time="0.0" classname="org.pircbotx.InputParserTest"/>
  <testcase name="channelModeChangeTest" time="0.006" classname="org.pircbotx.InputParserTest"/>
  <testcase name="channelModeChangeTest" time="0.002" classname="org.pircbotx.InputParserTest"/>
  <testcase name="channelModeChangeTest" time="0.002" classname="org.pircbotx.InputParserTest"/>
  <testcase name="channelModeChangeTest" time="0.002" classname="org.pircbotx.InputParserTest"/>
  <testcase name="channelModeChangeTest" time="0.008" classname="org.pircbotx.InputParserTest"/>
  <testcase name="channelModeChangeTest" time="0.002" classname="org.pircbotx.InputParserTest"/>
  <testcase name="channelModeChangeTest" time="0.002" classname="org.pircbotx.InputParserTest"/>
  <testcase name="channelModeChangeTest" time="0.002" classname="org.pircbotx.InputParserTest"/>
  <testcase name="channelModeChangeTest" time="0.002" classname="org.pircbotx.InputParserTest"/>
  <testcase name="channelModeChangeTest" time="0.001" classname="org.pircbotx.InputParserTest"/>
  <testcase name="channelModeChangeTest" time="0.001" classname="org.pircbotx.InputParserTest"/>
  <testcase name="channelModeChangeTest" time="0.002" classname="org.pircbotx.InputParserTest"/>
  <testcase name="channelModeChangeTest" time="0.002" classname="org.pircbotx.InputParserTest"/>
  <testcase name="channelModeChangeTest" time="0.002" classname="org.pircbotx.InputParserTest"/>
  <testcase name="channelModeChangeTest" time="0.003" classname="org.pircbotx.InputParserTest"/>
  <testcase name="channelModeChangeTest" time="0.002" classname="org.pircbotx.InputParserTest"/>
  <testcase name="channelModeChangeTest" time="0.002" classname="org.pircbotx.InputParserTest"/>
  <testcase name="channelModeChangeTest" time="0.005" classname="org.pircbotx.InputParserTest"/>
  <testcase name="channelModeChangeTest" time="0.012" classname="org.pircbotx.InputParserTest"/>
  <testcase name="channelModeChangeTest" time="0.001" classname="org.pircbotx.InputParserTest"/>
  <testcase name="channelModeChangeTest" time="0.0" classname="org.pircbotx.InputParserTest"/>
  <testcase name="channelModeChangeTest" time="0.0" classname="org.pircbotx.InputParserTest"/>
  <testcase name="channelModeChangeTest" time="0.0" classname="org.pircbotx.InputParserTest"/>
  <testcase name="channelModeChangeTest" time="0.001" classname="org.pircbotx.InputParserTest"/>
  <testcase name="channelModeChangeTest" time="0.0" classname="org.pircbotx.InputParserTest"/>
  <testcase name="channelModeChangeTest" time="0.0" classname="org.pircbotx.InputParserTest"/>
  <testcase name="channelModeChangeTest" time="0.001" classname="org.pircbotx.InputParserTest"/>
  <testcase name="channelModeChangeTest" time="0.0" classname="org.pircbotx.InputParserTest"/>
  <testcase name="channelModeChangeTest" time="0.0" classname="org.pircbotx.InputParserTest"/>
  <testcase name="channelModeChangeTest" time="0.001" classname="org.pircbotx.InputParserTest"/>
  <testcase name="channelModeChangeTest" time="0.0" classname="org.pircbotx.InputParserTest"/>
  <testcase name="channelModeChangeTest" time="0.001" classname="org.pircbotx.InputParserTest"/>
  <testcase name="channelModeChangeTest" time="0.0" classname="org.pircbotx.InputParserTest"/>
  <testcase name="channelModeChangeTest" time="0.004" classname="org.pircbotx.InputParserTest"/>
  <testcase name="channelModeChangeTest" time="0.012" classname="org.pircbotx.InputParserTest"/>
  <testcase name="channelModeChangeTest" time="0.001" classname="org.pircbotx.InputParserTest"/>
  <testcase name="channelModeChangeTest" time="0.001" classname="org.pircbotx.InputParserTest"/>
  <testcase name="channelModeChangeTest" time="0.0" classname="org.pircbotx.InputParserTest"/>
  <testcase name="channelModeChangeTest" time="0.002" classname="org.pircbotx.InputParserTest"/>
  <testcase name="channelModeChangeTest" time="0.0" classname="org.pircbotx.InputParserTest"/>
  <testcase name="channelModeChangeTest" time="0.001" classname="org.pircbotx.InputParserTest"/>
  <testcase name="channelModeChangeTest" time="0.005" classname="org.pircbotx.InputParserTest"/>
  <testcase name="channelModeChangeTest" time="0.001" classname="org.pircbotx.InputParserTest"/>
  <testcase name="channelModeChangeTest" time="0.001" classname="org.pircbotx.InputParserTest"/>
  <testcase name="channelModeChangeTest" time="0.0" classname="org.pircbotx.InputParserTest"/>
  <testcase name="channelModeChangeTest" time="0.001" classname="org.pircbotx.InputParserTest"/>
  <testcase name="channelModeChangeTest" time="0.0" classname="org.pircbotx.InputParserTest"/>
  <testcase name="channelModeChangeTest" time="0.001" classname="org.pircbotx.InputParserTest"/>
  <testcase name="channelModeChangeTest" time="0.0" classname="org.pircbotx.InputParserTest"/>
  <testcase name="channelModeChangeTest" time="0.0" classname="org.pircbotx.InputParserTest"/>
  <testcase name="channelModeChangeTest" time="0.001" classname="org.pircbotx.InputParserTest"/>
  <testcase name="channelModeChangeTest" time="0.0" classname="org.pircbotx.InputParserTest"/>
  <testcase name="channelModeChangeTest" time="0.001" classname="org.pircbotx.InputParserTest"/>
  <testcase name="channelModeChangeTest" time="0.0" classname="org.pircbotx.InputParserTest"/>
  <testcase name="channelModeChangeTest" time="0.001" classname="org.pircbotx.InputParserTest"/>
  <testcase name="channelModeChangeTest" time="0.0" classname="org.pircbotx.InputParserTest"/>
  <testcase name="channelModeChangeTest" time="0.001" classname="org.pircbotx.InputParserTest"/>
  <testcase name="channelModeChangeTest" time="0.005" classname="org.pircbotx.InputParserTest"/>
  <testcase name="channelModeChangeTest" time="0.002" classname="org.pircbotx.InputParserTest"/>
  <testcase name="channelModeChangeTest" time="0.002" classname="org.pircbotx.InputParserTest"/>
  <testcase name="channelModeMessageTest" time="0.001" classname="org.pircbotx.InputParserTest"/>
  <testcase name="channelUserModeTest" time="0.005" classname="org.pircbotx.InputParserTest"/>
  <testcase name="channelUserModeTest" time="0.001" classname="org.pircbotx.InputParserTest"/>
  <testcase name="channelUserModeTest" time="0.0" classname="org.pircbotx.InputParserTest"/>
  <testcase name="channelUserModeTest" time="0.001" classname="org.pircbotx.InputParserTest"/>
  <testcase name="channelUserModeTest" time="0.001" classname="org.pircbotx.InputParserTest"/>
  <testcase name="channelUserModeTest" time="0.0" classname="org.pircbotx.InputParserTest"/>
  <testcase name="channelUserModeTest" time="0.0" classname="org.pircbotx.InputParserTest"/>
  <testcase name="channelUserModeTest" time="0.001" classname="org.pircbotx.InputParserTest"/>
  <testcase name="channelUserModeTest" time="0.001" classname="org.pircbotx.InputParserTest"/>
  <testcase name="channelUserModeTest" time="0.001" classname="org.pircbotx.InputParserTest"/>
  <testcase name="containsModeTest" time="0.0" classname="org.pircbotx.InputParserTest"/>
  <testcase name="fingerTest" time="0.001" classname="org.pircbotx.InputParserTest"/>
  <testcase name="fingerTest" time="0.001" classname="org.pircbotx.InputParserTest"/>
  <testcase name="insensitiveLookupTest" time="0.0" classname="org.pircbotx.InputParserTest"/>
  <testcase name="inviteTest" time="0.001" classname="org.pircbotx.InputParserTest"/>
  <testcase name="joinTest" time="0.001" classname="org.pircbotx.InputParserTest"/>
  <testcase name="listTest" time="0.003" classname="org.pircbotx.InputParserTest"/>
  <testcase name="messageTest" time="0.001" classname="org.pircbotx.InputParserTest"/>
  <testcase name="modeRecipientWithGlobHostmask" time="0.001" classname="org.pircbotx.InputParserTest"/>
  <testcase name="modeResponseTest" time="0.001" classname="org.pircbotx.InputParserTest"/>
  <testcase name="motdTest" time="0.003" classname="org.pircbotx.InputParserTest"/>
  <testcase name="namesTest" time="0.009" classname="org.pircbotx.InputParserTest"/>
  <testcase name="nickAlreadyInUseTest" time="0.001" classname="org.pircbotx.InputParserTest"/>
  <testcase name="nickChangeBotTest" time="0.004" classname="org.pircbotx.InputParserTest"/>
  <testcase name="nickChangeOtherTest" time="0.001" classname="org.pircbotx.InputParserTest"/>
  <testcase name="nickDifferentTest" time="0.001" classname="org.pircbotx.InputParserTest"/>
  <testcase name="nickDifferentTest" time="0.0" classname="org.pircbotx.InputParserTest"/>
  <testcase name="nickDifferentTest" time="0.0" classname="org.pircbotx.InputParserTest"/>
  <testcase name="nickDifferentTest" time="0.001" classname="org.pircbotx.InputParserTest"/>
  <testcase name="nickRenamePartTest" time="0.011" classname="org.pircbotx.InputParserTest"/>
  <testcase name="nickRenameQuitTest" time="0.001" classname="org.pircbotx.InputParserTest"/>
  <testcase name="nickRenameWithQuitTest" time="0.002" classname="org.pircbotx.InputParserTest"/>
  <testcase name="noticeTest" time="0.0" classname="org.pircbotx.InputParserTest"/>
  <testcase name="noticeTest" time="0.0" classname="org.pircbotx.InputParserTest"/>
  <testcase name="pingTest" time="0.0" classname="org.pircbotx.InputParserTest"/>
  <testcase name="pingTest" time="0.0" classname="org.pircbotx.InputParserTest"/>
  <testcase name="privateMessageTest" time="0.001" classname="org.pircbotx.InputParserTest"/>
  <testcase name="quitWithMessageTest" time="0.002" classname="org.pircbotx.InputParserTest"/>
  <testcase name="serverPingTest" time="0.001" classname="org.pircbotx.InputParserTest"/>
  <testcase name="setChannelLimitModeEvent" time="0.0" classname="org.pircbotx.InputParserTest"/>
  <testcase name="timeTest" time="0.005" classname="org.pircbotx.InputParserTest"/>
  <testcase name="timeTest" time="0.001" classname="org.pircbotx.InputParserTest"/>
  <testcase name="topicChangeTest" time="0.007" classname="org.pircbotx.InputParserTest"/>
  <testcase name="topicInfoFullHostmaskTest" time="0.0" classname="org.pircbotx.InputParserTest"/>
  <testcase name="topicInfoTest" time="0.0" classname="org.pircbotx.InputParserTest"/>
  <testcase name="topicResponseTest" time="0.0" classname="org.pircbotx.InputParserTest"/>
  <testcase name="userDataBotTest" time="0.001" classname="org.pircbotx.InputParserTest"/>
  <testcase name="userModeInitTest" time="0.001" classname="org.pircbotx.InputParserTest"/>
  <testcase name="userModeTest" time="0.0" classname="org.pircbotx.InputParserTest"/>
  <testcase name="versionTest" time="0.0" classname="org.pircbotx.InputParserTest"/>
  <testcase name="versionTest" time="0.0" classname="org.pircbotx.InputParserTest"/>
  <testcase name="whoTest" time="0.001" classname="org.pircbotx.InputParserTest"/>
  <testcase name="whoTestFalseChannels" time="0.0" classname="org.pircbotx.InputParserTest"/>
  <testcase name="whoisCaseInsensitiveTest" time="0.0" classname="org.pircbotx.InputParserTest"/>
  <testcase name="whoisInvalidUserTest" time="0.0" classname="org.pircbotx.InputParserTest"/>
  <testcase name="whoisNoChannelsTest" time="0.0" classname="org.pircbotx.InputParserTest"/>
  <testcase name="whoisRegistered307Test" time="0.0" classname="org.pircbotx.InputParserTest"/>
  <testcase name="whoisRegistered330NameTest" time="0.001" classname="org.pircbotx.InputParserTest"/>
  <testcase name="whoisRegistered330NoNameTest" time="0.001" classname="org.pircbotx.InputParserTest"/>
  <testcase name="whoisTest" time="0.002" classname="org.pircbotx.InputParserTest"/>
  <testcase name="singleConstructorTest" time="0.0" classname="org.pircbotx.hooks.events.MassEventTest"/>
  <testcase name="singleConstructorTest" time="0.0" classname="org.pircbotx.hooks.events.MassEventTest"/>
  <testcase name="singleConstructorTest" time="0.0" classname="org.pircbotx.hooks.events.MassEventTest"/>
  <testcase name="singleConstructorTest" time="0.001" classname="org.pircbotx.hooks.events.MassEventTest"/>
  <testcase name="singleConstructorTest" time="0.0" classname="org.pircbotx.hooks.events.MassEventTest"/>
  <testcase name="singleConstructorTest" time="0.0" classname="org.pircbotx.hooks.events.MassEventTest"/>
  <testcase name="singleConstructorTest" time="0.0" classname="org.pircbotx.hooks.events.MassEventTest"/>
  <testcase name="singleConstructorTest" time="0.0" classname="org.pircbotx.hooks.events.MassEventTest"/>
  <testcase name="singleConstructorTest" time="0.0" classname="org.pircbotx.hooks.events.MassEventTest"/>
  <testcase name="singleConstructorTest" time="0.0" classname="org.pircbotx.hooks.events.MassEventTest"/>
  <testcase name="singleConstructorTest" time="0.0" classname="org.pircbotx.hooks.events.MassEventTest"/>
  <testcase name="singleConstructorTest" time="0.0" classname="org.pircbotx.hooks.events.MassEventTest"/>
  <testcase name="singleConstructorTest" time="0.0" classname="org.pircbotx.hooks.events.MassEventTest"/>
  <testcase name="singleConstructorTest" time="0.0" classname="org.pircbotx.hooks.events.MassEventTest"/>
  <testcase name="singleConstructorTest" time="0.0" classname="org.pircbotx.hooks.events.MassEventTest"/>
  <testcase name="singleConstructorTest" time="0.001" classname="org.pircbotx.hooks.events.MassEventTest"/>
  <testcase name="singleConstructorTest" time="0.0" classname="org.pircbotx.hooks.events.MassEventTest"/>
  <testcase name="singleConstructorTest" time="0.0" classname="org.pircbotx.hooks.events.MassEventTest"/>
  <testcase name="singleConstructorTest" time="0.0" classname="org.pircbotx.hooks.events.MassEventTest"/>
  <testcase name="singleConstructorTest" time="0.0" classname="org.pircbotx.hooks.events.MassEventTest"/>
  <testcase name="singleConstructorTest" time="0.0" classname="org.pircbotx.hooks.events.MassEventTest"/>
  <testcase name="singleConstructorTest" time="0.0" classname="org.pircbotx.hooks.events.MassEventTest"/>
  <testcase name="singleConstructorTest" time="0.0" classname="org.pircbotx.hooks.events.MassEventTest"/>
  <testcase name="singleConstructorTest" time="0.0" classname="org.pircbotx.hooks.events.MassEventTest"/>
  <testcase name="singleConstructorTest" time="0.0" classname="org.pircbotx.hooks.events.MassEventTest"/>
  <testcase name="singleConstructorTest" time="0.0" classname="org.pircbotx.hooks.events.MassEventTest"/>
  <testcase name="singleConstructorTest" time="0.0" classname="org.pircbotx.hooks.events.MassEventTest"/>
  <testcase name="singleConstructorTest" time="0.0" classname="org.pircbotx.hooks.events.MassEventTest"/>
  <testcase name="singleConstructorTest" time="0.0" classname="org.pircbotx.hooks.events.MassEventTest"/>
  <testcase name="singleConstructorTest" time="0.0" classname="org.pircbotx.hooks.events.MassEventTest"/>
  <testcase name="singleConstructorTest" time="0.0" classname="org.pircbotx.hooks.events.MassEventTest"/>
  <testcase name="singleConstructorTest" time="0.0" classname="org.pircbotx.hooks.events.MassEventTest"/>
  <testcase name="singleConstructorTest" time="0.0" classname="org.pircbotx.hooks.events.MassEventTest"/>
  <testcase name="singleConstructorTest" time="0.0" classname="org.pircbotx.hooks.events.MassEventTest"/>
  <testcase name="singleConstructorTest" time="0.001" classname="org.pircbotx.hooks.events.MassEventTest"/>
  <testcase name="singleConstructorTest" time="0.0" classname="org.pircbotx.hooks.events.MassEventTest"/>
  <testcase name="singleConstructorTest" time="0.0" classname="org.pircbotx.hooks.events.MassEventTest"/>
  <testcase name="singleConstructorTest" time="0.0" classname="org.pircbotx.hooks.events.MassEventTest"/>
  <testcase name="singleConstructorTest" time="0.0" classname="org.pircbotx.hooks.events.MassEventTest"/>
  <testcase name="singleConstructorTest" time="0.0" classname="org.pircbotx.hooks.events.MassEventTest"/>
  <testcase name="singleConstructorTest" time="0.0" classname="org.pircbotx.hooks.events.MassEventTest"/>
  <testcase name="singleConstructorTest" time="0.0" classname="org.pircbotx.hooks.events.MassEventTest"/>
  <testcase name="singleConstructorTest" time="0.0" classname="org.pircbotx.hooks.events.MassEventTest"/>
  <testcase name="singleConstructorTest" time="0.0" classname="org.pircbotx.hooks.events.MassEventTest"/>
  <testcase name="singleConstructorTest" time="0.0" classname="org.pircbotx.hooks.events.MassEventTest"/>
  <testcase name="singleConstructorTest" time="0.0" classname="org.pircbotx.hooks.events.MassEventTest"/>
  <testcase name="singleConstructorTest" time="0.0" classname="org.pircbotx.hooks.events.MassEventTest"/>
  <testcase name="singleConstructorTest" time="0.001" classname="org.pircbotx.hooks.events.MassEventTest"/>
  <testcase name="singleConstructorTest" time="0.0" classname="org.pircbotx.hooks.events.MassEventTest"/>
  <testcase name="singleConstructorTest" time="0.0" classname="org.pircbotx.hooks.events.MassEventTest"/>
  <testcase name="singleConstructorTest" time="0.0" classname="org.pircbotx.hooks.events.MassEventTest"/>
  <testcase name="singleConstructorTest" time="0.0" classname="org.pircbotx.hooks.events.MassEventTest"/>
  <testcase name="singleConstructorTest" time="0.0" classname="org.pircbotx.hooks.events.MassEventTest"/>
  <testcase name="singleConstructorTest" time="0.0" classname="org.pircbotx.hooks.events.MassEventTest"/>
  <testcase name="singleConstructorTest" time="0.0" classname="org.pircbotx.hooks.events.MassEventTest"/>
  <testcase name="singleConstructorTest" time="0.0" classname="org.pircbotx.hooks.events.MassEventTest"/>
  <testcase name="connectNoCapTest" time="0.007" classname="org.pircbotx.PircBotXConnectTest"/>
  <testcase name="connectTest" time="0.003" classname="org.pircbotx.PircBotXConnectTest"/>
  <testcase name="channelExistsTest" time="0.0" classname="org.pircbotx.UserChannelDaoTest"/>
  <testcase name="getChannelInvalidTest" time="0.0" classname="org.pircbotx.UserChannelDaoTest"/>
  <testcase name="getChannelValidTest" time="0.0" classname="org.pircbotx.UserChannelDaoTest"/>
  <testcase name="getUserByHostmaskFull" time="0.0" classname="org.pircbotx.UserChannelDaoTest"/>
  <testcase name="getUserInvalidTest" time="0.0" classname="org.pircbotx.UserChannelDaoTest"/>
  <testcase name="getUserValidTest" time="0.0" classname="org.pircbotx.UserChannelDaoTest"/>
  <testcase name="userEqualsAndHashCodeTest" time="0.0" classname="org.pircbotx.UserChannelDaoTest"/>
  <testcase name="userExistsTest" time="0.001" classname="org.pircbotx.UserChannelDaoTest"/>
  <testcase name="userHostmaskEqualsAndHashCodeTest" time="0.0" classname="org.pircbotx.UserChannelDaoTest"/>
  <testcase name="lookupTableTest" time="0.003" classname="org.pircbotx.ColorsTest"/>
  <testcase name="kickTest" time="0.0" classname="org.pircbotx.InputParserTest"/>
  <testcase name="partWithMessageTest" time="0.019" classname="org.pircbotx.InputParserTest"/>
  <testcase name="quitWithoutMessageAndColonTest" time="0.001" classname="org.pircbotx.InputParserTest"/>
  <testcase name="quitWithoutMessageTest" time="0.001" classname="org.pircbotx.InputParserTest"/>
  <testcase name="removeChannelKeyEventEmptyTest" time="0.001" classname="org.pircbotx.InputParserTest"/>
  <testcase name="removeChannelKeyEventTest" time="0.0" classname="org.pircbotx.InputParserTest"/>
  <testcase name="removeChannelLimitEmptyEvent" time="0.001" classname="org.pircbotx.InputParserTest"/>
  <testcase name="removeChannelLimitEvent" time="0.001" classname="org.pircbotx.InputParserTest"/>
  <testcase name="setChannelKeyEventTest" time="0.001" classname="org.pircbotx.InputParserTest"/>
  <testcase name="setChannelKeyModeTest" time="0.0" classname="org.pircbotx.InputParserTest"/>
  <testcase name="setChannelLimitEvent" time="0.001" classname="org.pircbotx.InputParserTest"/>
  <testcase name="constructorParamToFieldTest" time="0.001" classname="org.pircbotx.hooks.events.MassEventTest"/>
  <testcase name="constructorParamToFieldTest" time="0.0" classname="org.pircbotx.hooks.events.MassEventTest"/>
  <testcase name="constructorParamToFieldTest" time="0.0" classname="org.pircbotx.hooks.events.MassEventTest"/>
  <testcase name="constructorParamToFieldTest" time="0.0" classname="org.pircbotx.hooks.events.MassEventTest"/>
  <testcase name="constructorParamToFieldTest" time="0.001" classname="org.pircbotx.hooks.events.MassEventTest"/>
  <testcase name="constructorParamToFieldTest" time="0.0" classname="org.pircbotx.hooks.events.MassEventTest"/>
  <testcase name="constructorParamToFieldTest" time="0.0" classname="org.pircbotx.hooks.events.MassEventTest"/>
  <testcase name="constructorParamToFieldTest" time="0.001" classname="org.pircbotx.hooks.events.MassEventTest"/>
  <testcase name="constructorParamToFieldTest" time="0.0" classname="org.pircbotx.hooks.events.MassEventTest"/>
  <testcase name="constructorParamToFieldTest" time="0.001" classname="org.pircbotx.hooks.events.MassEventTest"/>
  <testcase name="constructorParamToFieldTest" time="0.0" classname="org.pircbotx.hooks.events.MassEventTest"/>
  <testcase name="constructorParamToFieldTest" time="0.0" classname="org.pircbotx.hooks.events.MassEventTest"/>
  <testcase name="constructorParamToFieldTest" time="0.0" classname="org.pircbotx.hooks.events.MassEventTest"/>
  <testcase name="constructorParamToFieldTest" time="0.0" classname="org.pircbotx.hooks.events.MassEventTest"/>
  <testcase name="constructorParamToFieldTest" time="0.001" classname="org.pircbotx.hooks.events.MassEventTest"/>
  <testcase name="constructorParamToFieldTest" time="0.001" classname="org.pircbotx.hooks.events.MassEventTest"/>
  <testcase name="constructorParamToFieldTest" time="0.0" classname="org.pircbotx.hooks.events.MassEventTest"/>
  <testcase name="constructorParamToFieldTest" time="0.0" classname="org.pircbotx.hooks.events.MassEventTest"/>
  <testcase name="constructorParamToFieldTest" time="0.0" classname="org.pircbotx.hooks.events.MassEventTest"/>
  <testcase name="constructorParamToFieldTest" time="0.0" classname="org.pircbotx.hooks.events.MassEventTest"/>
  <testcase name="constructorParamToFieldTest" time="0.001" classname="org.pircbotx.hooks.events.MassEventTest"/>
  <testcase name="constructorParamToFieldTest" time="0.0" classname="org.pircbotx.hooks.events.MassEventTest"/>
  <testcase name="constructorParamToFieldTest" time="0.0" classname="org.pircbotx.hooks.events.MassEventTest"/>
  <testcase name="constructorParamToFieldTest" time="0.0" classname="org.pircbotx.hooks.events.MassEventTest"/>
  <testcase name="constructorParamToFieldTest" time="0.0" classname="org.pircbotx.hooks.events.MassEventTest"/>
  <testcase name="constructorParamToFieldTest" time="0.001" classname="org.pircbotx.hooks.events.MassEventTest"/>
  <testcase name="constructorParamToFieldTest" time="0.0" classname="org.pircbotx.hooks.events.MassEventTest"/>
  <testcase name="constructorParamToFieldTest" time="0.0" classname="org.pircbotx.hooks.events.MassEventTest"/>
  <testcase name="constructorParamToFieldTest" time="0.0" classname="org.pircbotx.hooks.events.MassEventTest"/>
  <testcase name="constructorParamToFieldTest" time="0.0" classname="org.pircbotx.hooks.events.MassEventTest"/>
  <testcase name="constructorParamToFieldTest" time="0.0" classname="org.pircbotx.hooks.events.MassEventTest"/>
  <testcase name="constructorParamToFieldTest" time="0.0" classname="org.pircbotx.hooks.events.MassEventTest"/>
  <testcase name="constructorParamToFieldTest" time="0.0" classname="org.pircbotx.hooks.events.MassEventTest"/>
  <testcase name="constructorParamToFieldTest" time="0.003" classname="org.pircbotx.hooks.events.MassEventTest"/>
  <testcase name="constructorParamToFieldTest" time="0.0" classname="org.pircbotx.hooks.events.MassEventTest"/>
  <testcase name="constructorParamToFieldTest" time="0.001" classname="org.pircbotx.hooks.events.MassEventTest"/>
  <testcase name="constructorParamToFieldTest" time="0.001" classname="org.pircbotx.hooks.events.MassEventTest"/>
  <testcase name="constructorParamToFieldTest" time="0.0" classname="org.pircbotx.hooks.events.MassEventTest"/>
  <testcase name="constructorParamToFieldTest" time="0.001" classname="org.pircbotx.hooks.events.MassEventTest"/>
  <testcase name="constructorParamToFieldTest" time="0.0" classname="org.pircbotx.hooks.events.MassEventTest"/>
  <testcase name="constructorParamToFieldTest" time="0.0" classname="org.pircbotx.hooks.events.MassEventTest"/>
  <testcase name="constructorParamToFieldTest" time="0.0" classname="org.pircbotx.hooks.events.MassEventTest"/>
  <testcase name="constructorParamToFieldTest" time="0.0" classname="org.pircbotx.hooks.events.MassEventTest"/>
  <testcase name="constructorParamToFieldTest" time="0.001" classname="org.pircbotx.hooks.events.MassEventTest"/>
  <testcase name="constructorParamToFieldTest" time="0.0" classname="org.pircbotx.hooks.events.MassEventTest"/>
  <testcase name="constructorParamToFieldTest" time="0.0" classname="org.pircbotx.hooks.events.MassEventTest"/>
  <testcase name="constructorParamToFieldTest" time="0.0" classname="org.pircbotx.hooks.events.MassEventTest"/>
  <testcase name="constructorParamToFieldTest" time="0.0" classname="org.pircbotx.hooks.events.MassEventTest"/>
  <testcase name="constructorParamToFieldTest" time="0.0" classname="org.pircbotx.hooks.events.MassEventTest"/>
  <testcase name="constructorParamToFieldTest" time="0.0" classname="org.pircbotx.hooks.events.MassEventTest"/>
  <testcase name="constructorParamToFieldTest" time="0.0" classname="org.pircbotx.hooks.events.MassEventTest"/>
  <testcase name="constructorParamToFieldTest" time="0.001" classname="org.pircbotx.hooks.events.MassEventTest"/>
  <testcase name="constructorParamToFieldTest" time="0.001" classname="org.pircbotx.hooks.events.MassEventTest"/>
  <testcase name="constructorParamToFieldTest" time="0.0" classname="org.pircbotx.hooks.events.MassEventTest"/>
  <testcase name="constructorParamToFieldTest" time="0.001" classname="org.pircbotx.hooks.events.MassEventTest"/>
  <testcase name="constructorParamToFieldTest" time="0.0" classname="org.pircbotx.hooks.events.MassEventTest"/>
  <testcase name="firstConstructorArgBotTest" time="0.0" classname="org.pircbotx.hooks.events.MassEventTest"/>
  <testcase name="firstConstructorArgBotTest" time="0.001" classname="org.pircbotx.hooks.events.MassEventTest"/>
  <testcase name="firstConstructorArgBotTest" time="0.0" classname="org.pircbotx.hooks.events.MassEventTest"/>
  <testcase name="firstConstructorArgBotTest" time="0.0" classname="org.pircbotx.hooks.events.MassEventTest"/>
  <testcase name="firstConstructorArgBotTest" time="0.001" classname="org.pircbotx.hooks.events.MassEventTest"/>
  <testcase name="firstConstructorArgBotTest" time="0.0" classname="org.pircbotx.hooks.events.MassEventTest"/>
  <testcase name="firstConstructorArgBotTest" time="0.0" classname="org.pircbotx.hooks.events.MassEventTest"/>
  <testcase name="firstConstructorArgBotTest" time="0.001" classname="org.pircbotx.hooks.events.MassEventTest"/>
  <testcase name="firstConstructorArgBotTest" time="0.0" classname="org.pircbotx.hooks.events.MassEventTest"/>
  <testcase name="firstConstructorArgBotTest" time="0.0" classname="org.pircbotx.hooks.events.MassEventTest"/>
  <testcase name="firstConstructorArgBotTest" time="0.0" classname="org.pircbotx.hooks.events.MassEventTest"/>
  <testcase name="firstConstructorArgBotTest" time="0.0" classname="org.pircbotx.hooks.events.MassEventTest"/>
  <testcase name="firstConstructorArgBotTest" time="0.001" classname="org.pircbotx.hooks.events.MassEventTest"/>
  <testcase name="firstConstructorArgBotTest" time="0.0" classname="org.pircbotx.hooks.events.MassEventTest"/>
  <testcase name="firstConstructorArgBotTest" time="0.0" classname="org.pircbotx.hooks.events.MassEventTest"/>
  <testcase name="firstConstructorArgBotTest" time="0.001" classname="org.pircbotx.hooks.events.MassEventTest"/>
  <testcase name="firstConstructorArgBotTest" time="0.0" classname="org.pircbotx.hooks.events.MassEventTest"/>
  <testcase name="firstConstructorArgBotTest" time="0.0" classname="org.pircbotx.hooks.events.MassEventTest"/>
  <testcase name="firstConstructorArgBotTest" time="0.0" classname="org.pircbotx.hooks.events.MassEventTest"/>
  <testcase name="firstConstructorArgBotTest" time="0.0" classname="org.pircbotx.hooks.events.MassEventTest"/>
  <testcase name="firstConstructorArgBotTest" time="0.0" classname="org.pircbotx.hooks.events.MassEventTest"/>
  <testcase name="firstConstructorArgBotTest" time="0.0" classname="org.pircbotx.hooks.events.MassEventTest"/>
  <testcase name="firstConstructorArgBotTest" time="0.001" classname="org.pircbotx.hooks.events.MassEventTest"/>
  <testcase name="firstConstructorArgBotTest" time="0.0" classname="org.pircbotx.hooks.events.MassEventTest"/>
  <testcase name="firstConstructorArgBotTest" time="0.0" classname="org.pircbotx.hooks.events.MassEventTest"/>
  <testcase name="firstConstructorArgBotTest" time="0.001" classname="org.pircbotx.hooks.events.MassEventTest"/>
  <testcase name="firstConstructorArgBotTest" time="0.0" classname="org.pircbotx.hooks.events.MassEventTest"/>
  <testcase name="firstConstructorArgBotTest" time="0.0" classname="org.pircbotx.hooks.events.MassEventTest"/>
  <testcase name="firstConstructorArgBotTest" time="0.0" classname="org.pircbotx.hooks.events.MassEventTest"/>
  <testcase name="firstConstructorArgBotTest" time="0.0" classname="org.pircbotx.hooks.events.MassEventTest"/>
  <testcase name="firstConstructorArgBotTest" time="0.0" classname="org.pircbotx.hooks.events.MassEventTest"/>
  <testcase name="firstConstructorArgBotTest" time="0.0" classname="org.pircbotx.hooks.events.MassEventTest"/>
  <testcase name="firstConstructorArgBotTest" time="0.0" classname="org.pircbotx.hooks.events.MassEventTest"/>
  <testcase name="firstConstructorArgBotTest" time="0.001" classname="org.pircbotx.hooks.events.MassEventTest"/>
  <testcase name="firstConstructorArgBotTest" time="0.0" classname="org.pircbotx.hooks.events.MassEventTest"/>
  <testcase name="firstConstructorArgBotTest" time="0.0" classname="org.pircbotx.hooks.events.MassEventTest"/>
  <testcase name="firstConstructorArgBotTest" time="0.001" classname="org.pircbotx.hooks.events.MassEventTest"/>
  <testcase name="firstConstructorArgBotTest" time="0.0" classname="org.pircbotx.hooks.events.MassEventTest"/>
  <testcase name="firstConstructorArgBotTest" time="0.0" classname="org.pircbotx.hooks.events.MassEventTest"/>
  <testcase name="firstConstructorArgBotTest" time="0.001" classname="org.pircbotx.hooks.events.MassEventTest"/>
  <testcase name="firstConstructorArgBotTest" time="0.0" classname="org.pircbotx.hooks.events.MassEventTest"/>
  <testcase name="firstConstructorArgBotTest" time="0.0" classname="org.pircbotx.hooks.events.MassEventTest"/>
  <testcase name="firstConstructorArgBotTest" time="0.0" classname="org.pircbotx.hooks.events.MassEventTest"/>
  <testcase name="firstConstructorArgBotTest" time="0.0" classname="org.pircbotx.hooks.events.MassEventTest"/>
  <testcase name="firstConstructorArgBotTest" time="0.001" classname="org.pircbotx.hooks.events.MassEventTest"/>
  <testcase name="firstConstructorArgBotTest" time="0.0" classname="org.pircbotx.hooks.events.MassEventTest"/>
  <testcase name="firstConstructorArgBotTest" time="0.0" classname="org.pircbotx.hooks.events.MassEventTest"/>
  <testcase name="firstConstructorArgBotTest" time="0.001" classname="org.pircbotx.hooks.events.MassEventTest"/>
  <testcase name="firstConstructorArgBotTest" time="0.0" classname="org.pircbotx.hooks.events.MassEventTest"/>
  <testcase name="firstConstructorArgBotTest" time="0.0" classname="org.pircbotx.hooks.events.MassEventTest"/>
  <testcase name="firstConstructorArgBotTest" time="0.001" classname="org.pircbotx.hooks.events.MassEventTest"/>
  <testcase name="firstConstructorArgBotTest" time="0.0" classname="org.pircbotx.hooks.events.MassEventTest"/>
  <testcase name="firstConstructorArgBotTest" time="0.0" classname="org.pircbotx.hooks.events.MassEventTest"/>
  <testcase name="firstConstructorArgBotTest" time="0.0" classname="org.pircbotx.hooks.events.MassEventTest"/>
  <testcase name="firstConstructorArgBotTest" time="0.0" classname="org.pircbotx.hooks.events.MassEventTest"/>
  <testcase name="firstConstructorArgBotTest" time="0.0" classname="org.pircbotx.hooks.events.MassEventTest"/>
  <testcase name="connectTestWithUnknownCap" time="0.002" classname="org.pircbotx.PircBotXConnectTest"/>
  <testcase name="connectWithDifferentPortTest" time="0.001" classname="org.pircbotx.PircBotXConnectTest"/>
  <testcase name="connectWithPasswordTest" time="0.001" classname="org.pircbotx.PircBotXConnectTest"/>
  <testcase name="partUs" time="0.001" classname="org.pircbotx.InputParserTest"/>
  <testcase name="partWithoutMessageAndColonTest" time="0.001" classname="org.pircbotx.InputParserTest"/>
  <testcase name="partWithoutMessageTest" time="0.001" classname="org.pircbotx.InputParserTest"/>
  <testcase name="eventDispatched" time="0.002" classname="org.pircbotx.hooks.TemporaryListenerTest"/>
  <testcase name="listenerGetsRemoved" time="0.001" classname="org.pircbotx.hooks.TemporaryListenerTest"/>
  <testcase name="nickservOtherNickTest" time="0.001" classname="org.pircbotx.NickservTest"/>
  <testcase name="nickservTest" time="0.001" classname="org.pircbotx.NickservTest"/>
  <testcase name="nickservCustomMessageTest" time="0.001" classname="org.pircbotx.NickservTest"/>
  <testcase name="IdentFailInvalidAddressTest" time="0.016" classname="org.pircbotx.IdentServerTest"/>
  <testcase name="IdentFailInvalidLocalPortTest" time="0.001" classname="org.pircbotx.IdentServerTest"/>
  <testcase name="IdentFailInvalidRemotePortTest" time="0.001" classname="org.pircbotx.IdentServerTest"/>
  <testcase name="IdentSuccessTest" time="0.001" classname="org.pircbotx.IdentServerTest"/>
  <testcase name="EnableTest" time="0.004" classname="org.pircbotx.CAPTest"/>
  <testcase name="SASLTest" time="0.009" classname="org.pircbotx.CAPTest"/>
  <testcase name="addressToIntegerTest" time="0.0" classname="org.pircbotx.dcc.DCCTest"/>
  <testcase name="addressToIntegerTest" time="0.0" classname="org.pircbotx.dcc.DCCTest"/>
  <testcase name="addressToIntegerTest" time="0.0" classname="org.pircbotx.dcc.DCCTest"/>
  <testcase name="addressToIntegerTest" time="0.0" classname="org.pircbotx.dcc.DCCTest"/>
  <testcase name="addressToIntegerTest" time="0.0" classname="org.pircbotx.dcc.DCCTest"/>
  <testcase name="addressToIntegerTest" time="0.0" classname="org.pircbotx.dcc.DCCTest"/>
  <testcase name="incommingDccChatTest" time="0.001" classname="org.pircbotx.dcc.DCCTest"/>
  <testcase name="integerToAddressTest" time="0.0" classname="org.pircbotx.dcc.DCCTest"/>
  <testcase name="integerToAddressTest" time="0.0" classname="org.pircbotx.dcc.DCCTest"/>
  <testcase name="integerToAddressTest" time="0.0" classname="org.pircbotx.dcc.DCCTest"/>
  <testcase name="integerToAddressTest" time="0.0" classname="org.pircbotx.dcc.DCCTest"/>
  <testcase name="integerToAddressTest" time="0.0" classname="org.pircbotx.dcc.DCCTest"/>
  <testcase name="integerToAddressTest" time="0.0" classname="org.pircbotx.dcc.DCCTest"/>
  <testcase name="sendChatEventNormalTest" time="0.001" classname="org.pircbotx.dcc.DCCTest"/>
  <testcase name="sendChatEventTokenTest" time="0.001" classname="org.pircbotx.dcc.DCCTest"/>
  <testcase name="sendFileEventNormalTest" time="0.001" classname="org.pircbotx.dcc.DCCTest"/>
  <testcase name="sendFileEventTokenTest" time="0.001" classname="org.pircbotx.dcc.DCCTest"/>
</testsuite> <!-- Surefire test -->
